/*C12*/SET SCHEMA PUBLIC
SET SCHEMA "PUBLIC"
INSERT INTO EVENTS VALUES('d8c84b95-a95c-4cd2-adb0-68ee18f96405','Rocketseat NLW Unite 3.0','Aprenda v\u00e1rias tecnologias de forma de forma Gratuita e online!','rocketseat-nlw-unite-30',2)
COMMIT
INSERT INTO ATTENDEES VALUES('3741615d-10b9-49c6-864e-9e6afd1e353c','Laysons Souza','LaysonSouza@gmail.com','d8c84b95-a95c-4cd2-adb0-68ee18f96405','2024-04-05 16:29:24.449370')
COMMIT
DISCONNECT
/*C13*/SET SCHEMA PUBLIC
DISCONNECT
/*C14*/SET SCHEMA PUBLIC
DISCONNECT
/*C15*/SET SCHEMA PUBLIC
DISCONNECT
/*C16*/SET SCHEMA PUBLIC
DISCONNECT
/*C17*/SET SCHEMA PUBLIC
DISCONNECT
/*C18*/SET SCHEMA PUBLIC
DISCONNECT
/*C19*/SET SCHEMA PUBLIC
DISCONNECT
/*C20*/SET SCHEMA PUBLIC
DISCONNECT
/*C21*/SET SCHEMA PUBLIC
DISCONNECT
